<?xml version="1.0" encoding="UTF-8"?>
<testng-results ignored="0" total="1" passed="1" failed="0" skipped="0">
  <reporter-output>
  </reporter-output>
  <suite started-at="2023-04-25T22:28:25 EDT" name="Default suite" finished-at="2023-04-25T22:29:02 EDT" duration-ms="36450">
    <groups>
      <group name="cucumber">
        <method signature="AbstractTestNGCucumberTests.feature(cucumber.api.testng.CucumberFeatureWrapper)[pri:0, instance:WaterFallTestRunner.WaterFallTestRunner@4310d43]" name="feature" class="cucumber.api.testng.AbstractTestNGCucumberTests"/>
      </group> <!-- cucumber -->
    </groups>
    <test started-at="2023-04-25T22:28:25 EDT" name="Default test" finished-at="2023-04-25T22:29:02 EDT" duration-ms="36450">
      <class name="WaterFallTestRunner.WaterFallTestRunner">
        <test-method is-config="true" signature="WaterFallOpenURL()[pri:0, instance:WaterFallTestRunner.WaterFallTestRunner@4310d43]" started-at="2023-04-25T22:28:25 EDT" name="WaterFallOpenURL" finished-at="2023-04-25T22:28:28 EDT" duration-ms="2903" status="PASS">
          <reporter-output>
          </reporter-output>
        </test-method> <!-- WaterFallOpenURL -->
        <test-method is-config="true" signature="setUpClass()[pri:0, instance:WaterFallTestRunner.WaterFallTestRunner@4310d43]" started-at="2023-04-25T22:28:28 EDT" name="setUpClass" finished-at="2023-04-25T22:28:28 EDT" duration-ms="196" status="PASS">
          <reporter-output>
          </reporter-output>
        </test-method> <!-- setUpClass -->
        <test-method signature="feature(cucumber.api.testng.CucumberFeatureWrapper)[pri:0, instance:WaterFallTestRunner.WaterFallTestRunner@4310d43]" started-at="2023-04-25T22:28:28 EDT" name="feature" description="Runs Cucumber Feature" data-provider="features" finished-at="2023-04-25T22:29:01 EDT" duration-ms="32946" status="PASS">
          <params>
            <param index="0">
              <value>
                <![CDATA[This is a add product in Cartt]]>
              </value>
            </param>
          </params>
          <reporter-output>
          </reporter-output>
        </test-method> <!-- feature -->
        <test-method is-config="true" signature="tearDownClass()[pri:0, instance:WaterFallTestRunner.WaterFallTestRunner@4310d43]" started-at="2023-04-25T22:29:01 EDT" name="tearDownClass" finished-at="2023-04-25T22:29:01 EDT" duration-ms="12" status="PASS">
          <reporter-output>
          </reporter-output>
        </test-method> <!-- tearDownClass -->
        <test-method is-config="true" signature="WaterFallCloseURL()[pri:0, instance:WaterFallTestRunner.WaterFallTestRunner@4310d43]" started-at="2023-04-25T22:29:01 EDT" name="WaterFallCloseURL" finished-at="2023-04-25T22:29:02 EDT" duration-ms="259" status="PASS">
          <reporter-output>
          </reporter-output>
        </test-method> <!-- WaterFallCloseURL -->
      </class> <!-- WaterFallTestRunner.WaterFallTestRunner -->
    </test> <!-- Default test -->
  </suite> <!-- Default suite -->
</testng-results>
